append_cflags: checking for whether -std=c99 is accepted as CFLAGS... -------------------- yes

PATH=".;C:/Ruby33-x64/lib;C:\Ruby33-x64\bin;C:\msys64\ucrt64\bin;C:\msys64\usr\bin;C:\Ruby33-x64\bin;C:\Python314\Scripts\;C:\Python314\;C:\WINDOWS\system32;C:\WINDOWS;C:\WINDOWS\System32\Wbem;C:\WINDOWS\System32\WindowsPowerShell\v1.0\;C:\WINDOWS\System32\OpenSSH\;C:\Program Files\dotnet\;C:\Program Files\Git\cmd;C:\Program Files\nodejs\;C:\ProgramData\chocolatey\bin;C:\Users\arjun\AppData\Local\Programs\Python\Python312\Scripts\;C:\Users\arjun\AppData\Local\Programs\Python\Python312\;C:\Users\arjun\AppData\Local\Microsoft\WindowsApps;C:\Users\arjun\AppData\Local\Programs\Microsoft VS Code\bin;C:\Users\arjun\AppData\Roaming\npm" "gcc -o conftest.exe -IC:/Ruby33-x64/include/ruby-3.3.0/x64-mingw-ucrt -IC:/Ruby33-x64/include/ruby-3.3.0/ruby/backward -IC:/Ruby33-x64/include/ruby-3.3.0 -I.  -DFD_SETSIZE=2048 -D_WIN32_WINNT=0x0600 -D__MINGW_USE_VC2005_COMPAT -D_FILE_OFFSET_BITS=64  -O3 -fno-fast-math -fstack-protector-strong conftest.c  -L. -LC:/Ruby33-x64/lib -L. -pipe -s -fstack-protector-strong -Wl,--no-as-needed     -lx64-ucrt-ruby330  -lshell32 -lws2_32 -liphlpapi -limagehlp -lshlwapi -lbcrypt  "
checked program was:
/* begin */
1: #include "ruby.h"
2: 
3: #include <winsock2.h>
4: #include <windows.h>
5: int main(int argc, char **argv)
6: {
7:   return !!argv[argc];
8: }
/* end */

PATH=".;C:/Ruby33-x64/lib;C:\Ruby33-x64\bin;C:\msys64\ucrt64\bin;C:\msys64\usr\bin;C:\Ruby33-x64\bin;C:\Python314\Scripts\;C:\Python314\;C:\WINDOWS\system32;C:\WINDOWS;C:\WINDOWS\System32\Wbem;C:\WINDOWS\System32\WindowsPowerShell\v1.0\;C:\WINDOWS\System32\OpenSSH\;C:\Program Files\dotnet\;C:\Program Files\Git\cmd;C:\Program Files\nodejs\;C:\ProgramData\chocolatey\bin;C:\Users\arjun\AppData\Local\Programs\Python\Python312\Scripts\;C:\Users\arjun\AppData\Local\Programs\Python\Python312\;C:\Users\arjun\AppData\Local\Microsoft\WindowsApps;C:\Users\arjun\AppData\Local\Programs\Microsoft VS Code\bin;C:\Users\arjun\AppData\Roaming\npm" "gcc -IC:/Ruby33-x64/include/ruby-3.3.0/x64-mingw-ucrt -IC:/Ruby33-x64/include/ruby-3.3.0/ruby/backward -IC:/Ruby33-x64/include/ruby-3.3.0 -I.  -DFD_SETSIZE=2048 -D_WIN32_WINNT=0x0600 -D__MINGW_USE_VC2005_COMPAT -D_FILE_OFFSET_BITS=64  -O3 -fno-fast-math -fstack-protector-strong  -std=c99 -Werror -c conftest.c"
checked program was:
/* begin */
1: #include "ruby.h"
2: 
3: #include <winsock2.h>
4: #include <windows.h>
5: int main(int argc, char **argv)
6: {
7:   return !!argv[argc];
8: }
/* end */

--------------------

append_cflags: checking for whether -Wno-declaration-after-statement is accepted as CFLAGS... -------------------- yes

PATH=".;C:/Ruby33-x64/lib;C:\Ruby33-x64\bin;C:\msys64\ucrt64\bin;C:\msys64\usr\bin;C:\Ruby33-x64\bin;C:\Python314\Scripts\;C:\Python314\;C:\WINDOWS\system32;C:\WINDOWS;C:\WINDOWS\System32\Wbem;C:\WINDOWS\System32\WindowsPowerShell\v1.0\;C:\WINDOWS\System32\OpenSSH\;C:\Program Files\dotnet\;C:\Program Files\Git\cmd;C:\Program Files\nodejs\;C:\ProgramData\chocolatey\bin;C:\Users\arjun\AppData\Local\Programs\Python\Python312\Scripts\;C:\Users\arjun\AppData\Local\Programs\Python\Python312\;C:\Users\arjun\AppData\Local\Microsoft\WindowsApps;C:\Users\arjun\AppData\Local\Programs\Microsoft VS Code\bin;C:\Users\arjun\AppData\Roaming\npm" "gcc -IC:/Ruby33-x64/include/ruby-3.3.0/x64-mingw-ucrt -IC:/Ruby33-x64/include/ruby-3.3.0/ruby/backward -IC:/Ruby33-x64/include/ruby-3.3.0 -I.  -DFD_SETSIZE=2048 -D_WIN32_WINNT=0x0600 -D__MINGW_USE_VC2005_COMPAT -D_FILE_OFFSET_BITS=64  -O3 -fno-fast-math -fstack-protector-strong -std=c99  -Wno-declaration-after-statement -Werror -c conftest.c"
checked program was:
/* begin */
1: #include "ruby.h"
2: 
3: #include <winsock2.h>
4: #include <windows.h>
5: int main(int argc, char **argv)
6: {
7:   return !!argv[argc];
8: }
/* end */

--------------------

append_cflags: checking for whether -O2 is accepted as CFLAGS... -------------------- yes

PATH=".;C:/Ruby33-x64/lib;C:\Ruby33-x64\bin;C:\msys64\ucrt64\bin;C:\msys64\usr\bin;C:\Ruby33-x64\bin;C:\Python314\Scripts\;C:\Python314\;C:\WINDOWS\system32;C:\WINDOWS;C:\WINDOWS\System32\Wbem;C:\WINDOWS\System32\WindowsPowerShell\v1.0\;C:\WINDOWS\System32\OpenSSH\;C:\Program Files\dotnet\;C:\Program Files\Git\cmd;C:\Program Files\nodejs\;C:\ProgramData\chocolatey\bin;C:\Users\arjun\AppData\Local\Programs\Python\Python312\Scripts\;C:\Users\arjun\AppData\Local\Programs\Python\Python312\;C:\Users\arjun\AppData\Local\Microsoft\WindowsApps;C:\Users\arjun\AppData\Local\Programs\Microsoft VS Code\bin;C:\Users\arjun\AppData\Roaming\npm" "gcc -IC:/Ruby33-x64/include/ruby-3.3.0/x64-mingw-ucrt -IC:/Ruby33-x64/include/ruby-3.3.0/ruby/backward -IC:/Ruby33-x64/include/ruby-3.3.0 -I.  -DFD_SETSIZE=2048 -D_WIN32_WINNT=0x0600 -D__MINGW_USE_VC2005_COMPAT -D_FILE_OFFSET_BITS=64  -O3 -fno-fast-math -fstack-protector-strong -std=c99 -Wno-declaration-after-statement  -O2 -Werror -c conftest.c"
checked program was:
/* begin */
1: #include "ruby.h"
2: 
3: #include <winsock2.h>
4: #include <windows.h>
5: int main(int argc, char **argv)
6: {
7:   return !!argv[argc];
8: }
/* end */

--------------------

append_cflags: checking for whether -g is accepted as CFLAGS... -------------------- yes

PATH=".;C:/Ruby33-x64/lib;C:\Ruby33-x64\bin;C:\msys64\ucrt64\bin;C:\msys64\usr\bin;C:\Ruby33-x64\bin;C:\Python314\Scripts\;C:\Python314\;C:\WINDOWS\system32;C:\WINDOWS;C:\WINDOWS\System32\Wbem;C:\WINDOWS\System32\WindowsPowerShell\v1.0\;C:\WINDOWS\System32\OpenSSH\;C:\Program Files\dotnet\;C:\Program Files\Git\cmd;C:\Program Files\nodejs\;C:\ProgramData\chocolatey\bin;C:\Users\arjun\AppData\Local\Programs\Python\Python312\Scripts\;C:\Users\arjun\AppData\Local\Programs\Python\Python312\;C:\Users\arjun\AppData\Local\Microsoft\WindowsApps;C:\Users\arjun\AppData\Local\Programs\Microsoft VS Code\bin;C:\Users\arjun\AppData\Roaming\npm" "gcc -IC:/Ruby33-x64/include/ruby-3.3.0/x64-mingw-ucrt -IC:/Ruby33-x64/include/ruby-3.3.0/ruby/backward -IC:/Ruby33-x64/include/ruby-3.3.0 -I.  -DFD_SETSIZE=2048 -D_WIN32_WINNT=0x0600 -D__MINGW_USE_VC2005_COMPAT -D_FILE_OFFSET_BITS=64  -O3 -fno-fast-math -fstack-protector-strong -std=c99 -Wno-declaration-after-statement -O2  -g -Werror -c conftest.c"
checked program was:
/* begin */
1: #include "ruby.h"
2: 
3: #include <winsock2.h>
4: #include <windows.h>
5: int main(int argc, char **argv)
6: {
7:   return !!argv[argc];
8: }
/* end */

--------------------

append_cflags: checking for whether -Winline is accepted as CFLAGS... -------------------- yes

PATH=".;C:/Ruby33-x64/lib;C:\Ruby33-x64\bin;C:\msys64\ucrt64\bin;C:\msys64\usr\bin;C:\Ruby33-x64\bin;C:\Python314\Scripts\;C:\Python314\;C:\WINDOWS\system32;C:\WINDOWS;C:\WINDOWS\System32\Wbem;C:\WINDOWS\System32\WindowsPowerShell\v1.0\;C:\WINDOWS\System32\OpenSSH\;C:\Program Files\dotnet\;C:\Program Files\Git\cmd;C:\Program Files\nodejs\;C:\ProgramData\chocolatey\bin;C:\Users\arjun\AppData\Local\Programs\Python\Python312\Scripts\;C:\Users\arjun\AppData\Local\Programs\Python\Python312\;C:\Users\arjun\AppData\Local\Microsoft\WindowsApps;C:\Users\arjun\AppData\Local\Programs\Microsoft VS Code\bin;C:\Users\arjun\AppData\Roaming\npm" "gcc -IC:/Ruby33-x64/include/ruby-3.3.0/x64-mingw-ucrt -IC:/Ruby33-x64/include/ruby-3.3.0/ruby/backward -IC:/Ruby33-x64/include/ruby-3.3.0 -I.  -DFD_SETSIZE=2048 -D_WIN32_WINNT=0x0600 -D__MINGW_USE_VC2005_COMPAT -D_FILE_OFFSET_BITS=64  -O3 -fno-fast-math -fstack-protector-strong -std=c99 -Wno-declaration-after-statement -O2 -g  -Winline -Werror -c conftest.c"
checked program was:
/* begin */
1: #include "ruby.h"
2: 
3: #include <winsock2.h>
4: #include <windows.h>
5: int main(int argc, char **argv)
6: {
7:   return !!argv[argc];
8: }
/* end */

--------------------

append_cflags: checking for whether -Wmissing-noreturn is accepted as CFLAGS... -------------------- yes

PATH=".;C:/Ruby33-x64/lib;C:\Ruby33-x64\bin;C:\msys64\ucrt64\bin;C:\msys64\usr\bin;C:\Ruby33-x64\bin;C:\Python314\Scripts\;C:\Python314\;C:\WINDOWS\system32;C:\WINDOWS;C:\WINDOWS\System32\Wbem;C:\WINDOWS\System32\WindowsPowerShell\v1.0\;C:\WINDOWS\System32\OpenSSH\;C:\Program Files\dotnet\;C:\Program Files\Git\cmd;C:\Program Files\nodejs\;C:\ProgramData\chocolatey\bin;C:\Users\arjun\AppData\Local\Programs\Python\Python312\Scripts\;C:\Users\arjun\AppData\Local\Programs\Python\Python312\;C:\Users\arjun\AppData\Local\Microsoft\WindowsApps;C:\Users\arjun\AppData\Local\Programs\Microsoft VS Code\bin;C:\Users\arjun\AppData\Roaming\npm" "gcc -IC:/Ruby33-x64/include/ruby-3.3.0/x64-mingw-ucrt -IC:/Ruby33-x64/include/ruby-3.3.0/ruby/backward -IC:/Ruby33-x64/include/ruby-3.3.0 -I.  -DFD_SETSIZE=2048 -D_WIN32_WINNT=0x0600 -D__MINGW_USE_VC2005_COMPAT -D_FILE_OFFSET_BITS=64  -O3 -fno-fast-math -fstack-protector-strong -std=c99 -Wno-declaration-after-statement -O2 -g -Winline  -Wmissing-noreturn -Werror -c conftest.c"
checked program was:
/* begin */
1: #include "ruby.h"
2: 
3: #include <winsock2.h>
4: #include <windows.h>
5: int main(int argc, char **argv)
6: {
7:   return !!argv[argc];
8: }
/* end */

--------------------

append_cflags: checking for whether -Wconversion -Wno-sign-conversion is accepted as CFLAGS... -------------------- yes

PATH=".;C:/Ruby33-x64/lib;C:\Ruby33-x64\bin;C:\msys64\ucrt64\bin;C:\msys64\usr\bin;C:\Ruby33-x64\bin;C:\Python314\Scripts\;C:\Python314\;C:\WINDOWS\system32;C:\WINDOWS;C:\WINDOWS\System32\Wbem;C:\WINDOWS\System32\WindowsPowerShell\v1.0\;C:\WINDOWS\System32\OpenSSH\;C:\Program Files\dotnet\;C:\Program Files\Git\cmd;C:\Program Files\nodejs\;C:\ProgramData\chocolatey\bin;C:\Users\arjun\AppData\Local\Programs\Python\Python312\Scripts\;C:\Users\arjun\AppData\Local\Programs\Python\Python312\;C:\Users\arjun\AppData\Local\Microsoft\WindowsApps;C:\Users\arjun\AppData\Local\Programs\Microsoft VS Code\bin;C:\Users\arjun\AppData\Roaming\npm" "gcc -IC:/Ruby33-x64/include/ruby-3.3.0/x64-mingw-ucrt -IC:/Ruby33-x64/include/ruby-3.3.0/ruby/backward -IC:/Ruby33-x64/include/ruby-3.3.0 -I.  -DFD_SETSIZE=2048 -D_WIN32_WINNT=0x0600 -D__MINGW_USE_VC2005_COMPAT -D_FILE_OFFSET_BITS=64  -O3 -fno-fast-math -fstack-protector-strong -std=c99 -Wno-declaration-after-statement -O2 -g -Winline -Wmissing-noreturn  -Wconversion -Wno-sign-conversion -Werror -c conftest.c"
checked program was:
/* begin */
1: #include "ruby.h"
2: 
3: #include <winsock2.h>
4: #include <windows.h>
5: int main(int argc, char **argv)
6: {
7:   return !!argv[argc];
8: }
/* end */

--------------------

append_cppflags: checking for whether  "-Idummypath" is accepted as CPPFLAGS... -------------------- yes

PATH=".;C:/Ruby33-x64/lib;C:\Ruby33-x64\bin;C:\msys64\ucrt64\bin;C:\msys64\usr\bin;C:\Ruby33-x64\bin;C:\Python314\Scripts\;C:\Python314\;C:\WINDOWS\system32;C:\WINDOWS;C:\WINDOWS\System32\Wbem;C:\WINDOWS\System32\WindowsPowerShell\v1.0\;C:\WINDOWS\System32\OpenSSH\;C:\Program Files\dotnet\;C:\Program Files\Git\cmd;C:\Program Files\nodejs\;C:\ProgramData\chocolatey\bin;C:\Users\arjun\AppData\Local\Programs\Python\Python312\Scripts\;C:\Users\arjun\AppData\Local\Programs\Python\Python312\;C:\Users\arjun\AppData\Local\Microsoft\WindowsApps;C:\Users\arjun\AppData\Local\Programs\Microsoft VS Code\bin;C:\Users\arjun\AppData\Roaming\npm" "gcc -IC:/Ruby33-x64/include/ruby-3.3.0/x64-mingw-ucrt -IC:/Ruby33-x64/include/ruby-3.3.0/ruby/backward -IC:/Ruby33-x64/include/ruby-3.3.0 -I.  -DFD_SETSIZE=2048 -D_WIN32_WINNT=0x0600 -D__MINGW_USE_VC2005_COMPAT -D_FILE_OFFSET_BITS=64  -O3 -fno-fast-math -fstack-protector-strong -std=c99 -Wno-declaration-after-statement -O2 -g -Winline -Wmissing-noreturn -Wconversion -Wno-sign-conversion   "-Idummypath" -Werror -c conftest.c"
checked program was:
/* begin */
1: #include "ruby.h"
2: 
3: #include <winsock2.h>
4: #include <windows.h>
5: int main(int argc, char **argv)
6: {
7:   return !!argv[argc];
8: }
/* end */

--------------------

